<?xml version="1.0" encoding="UTF-8"?>
<!-- Generated by org.testng.reporters.JUnitReportReporter -->
<testsuite skipped="0" hostname="Asus-PC" name="com.actitime.tests.VerifyVersionTest" tests="1" failures="0" timestamp="01 Dec 2018 10:00:38 GMT" time="10.483" errors="0">
  <testcase name="testVerifyVersion" time="10.483" classname="com.actitime.tests.VerifyVersionTest"/>
</testsuite> <!-- com.actitime.tests.VerifyVersionTest -->
