<?xml version="1.0" encoding="UTF-8"?>
<!-- Generated by org.testng.reporters.JUnitReportReporter -->
<testsuite skipped="0" hostname="Asus-PC" name="com.actitime.tests.ValidLoginLogoutTest" tests="1" failures="0" timestamp="01 Dec 2018 10:00:38 GMT" time="33.905" errors="0">
  <testcase name="testValidLoginLogout" time="33.905" classname="com.actitime.tests.ValidLoginLogoutTest"/>
</testsuite> <!-- com.actitime.tests.ValidLoginLogoutTest -->
