<?xml version="1.0" encoding="UTF-8"?>
<!-- Generated by org.testng.reporters.JUnitReportReporter -->
<testsuite skipped="0" hostname="Asus-PC" name="com.actitime.tests.VerifyBuildNumberTest" tests="1" failures="0" timestamp="01 Dec 2018 10:00:38 GMT" time="16.401" errors="0">
  <testcase name="verifyBuildNo" time="16.401" classname="com.actitime.tests.VerifyBuildNumberTest"/>
</testsuite> <!-- com.actitime.tests.VerifyBuildNumberTest -->
